<?xml version="1.0" encoding="UTF-8"?>
<!-- Generated by org.testng.reporters.JUnitReportReporter -->
<testsuite skipped="0" hostname="A2ML16108" name="com.sampejavaappscripts.DisplayVeterenarians2" tests="1" failures="0" timestamp="24 Aug 2018 08:44:25 GMT" time="0.242" errors="0">
  <testcase name="testDisplayVeterenarians" time="0.242" classname="com.sampejavaappscripts.DisplayVeterenarians2"/>
</testsuite> <!-- com.sampejavaappscripts.DisplayVeterenarians2 -->
