<?xml version="1.0" encoding="UTF-8"?>
<!-- Generated by org.testng.reporters.JUnitReportReporter -->
<testsuite skipped="0" hostname="A2ML16237" name="com.tenantadmin.scripts.CreateProject" tests="1" failures="0" timestamp="20 Nov 2017 13:55:36 GMT" time="12.941" errors="0">
  <testcase name="testCreateProject" time="12.941" classname="com.tenantadmin.scripts.CreateProject"/>
</testsuite> <!-- com.tenantadmin.scripts.CreateProject -->
