<?xml version="1.0" encoding="UTF-8"?>
<!-- Generated by org.testng.reporters.JUnitReportReporter -->
<testsuite skipped="0" hostname="A2ML16108" name="com.sampejavaappscripts.DisplayErrorPage" tests="1" failures="0" timestamp="27 Aug 2018 06:21:24 GMT" time="20.873" errors="0">
  <testcase name="testDisplayErrorPage" time="20.873" classname="com.sampejavaappscripts.DisplayErrorPage"/>
</testsuite> <!-- com.sampejavaappscripts.DisplayErrorPage -->
