<?xml version="1.0" encoding="UTF-8"?>
<!-- Generated by org.testng.reporters.JUnitReportReporter -->
<testsuite skipped="0" hostname="A2ML16237" name="com.dataclear.scripts.DataClear" tests="1" failures="0" timestamp="20 Nov 2017 10:40:36 GMT" time="2.634" errors="0">
  <testcase name="clearData" time="2.634" classname="com.dataclear.scripts.DataClear"/>
</testsuite> <!-- com.dataclear.scripts.DataClear -->
