<?xml version="1.0" encoding="UTF-8"?>
<!-- Generated by org.testng.reporters.JUnitReportReporter -->
<testsuite skipped="0" hostname="A2ML16237" name="com.sampejavaappscripts.DisplayHomePage2" tests="1" failures="0" timestamp="02 Jan 2018 09:22:32 GMT" time="0.218" errors="0">
  <testcase name="testDisplayHomePage" time="0.218" classname="com.sampejavaappscripts.DisplayHomePage2"/>
</testsuite> <!-- com.sampejavaappscripts.DisplayHomePage2 -->
