<?xml version="1.0" encoding="UTF-8"?>
<!-- Generated by org.testng.reporters.JUnitReportReporter -->
<testsuite skipped="0" hostname="A2ML16237" name="com.provision.scripts.InstallSoftwareintoVM" tests="1" failures="0" timestamp="20 Nov 2017 13:55:35 GMT" time="60.747" errors="0">
  <testcase name="testInstallSoftwareintoVM" time="60.747" classname="com.provision.scripts.InstallSoftwareintoVM"/>
</testsuite> <!-- com.provision.scripts.InstallSoftwareintoVM -->
