<?xml version="1.0" encoding="UTF-8"?>
<!-- Generated by org.testng.reporters.JUnitReportReporter -->
<testsuite skipped="0" hostname="A2ML16237" name="com.roles.scripts.ManagerCannotExecute" tests="1" failures="0" timestamp="20 Nov 2017 13:55:35 GMT" time="54.755" errors="0">
  <testcase name="testManagerCannotExecute" time="54.755" classname="com.roles.scripts.ManagerCannotExecute"/>
</testsuite> <!-- com.roles.scripts.ManagerCannotExecute -->
