<?xml version="1.0" encoding="UTF-8"?>
<!-- Generated by org.testng.reporters.JUnitReportReporter -->
<testsuite skipped="0" hostname="A2ML16237" name="com.rootadmin.scripts.CreateTenant" tests="1" failures="0" timestamp="20 Nov 2017 13:55:35 GMT" time="16.152" errors="0">
  <testcase name="testCreateTenant" time="16.152" classname="com.rootadmin.scripts.CreateTenant"/>
</testsuite> <!-- com.rootadmin.scripts.CreateTenant -->
