<?xml version="1.0" encoding="UTF-8"?>
<!-- Generated by org.testng.reporters.JUnitReportReporter -->
<testsuite skipped="0" hostname="A2ML16237" name="com.metrics.scripts.GitLabMetrics" tests="1" failures="0" timestamp="21 Sep 2017 05:29:37 GMT" time="21.174" errors="0">
  <testcase name="testGitLabMetrics" time="21.174" classname="com.metrics.scripts.GitLabMetrics"/>
</testsuite> <!-- com.metrics.scripts.GitLabMetrics -->
