<?xml version="1.0" encoding="UTF-8"?>
<!-- Generated by org.testng.reporters.JUnitReportReporter -->
<testsuite skipped="0" hostname="A2ML16237" name="com.roles.scripts.ManagerCannotViewActivity" tests="1" failures="0" timestamp="20 Nov 2017 13:55:36 GMT" time="54.479" errors="0">
  <testcase name="testManagerCannotViewActivity" time="54.479" classname="com.roles.scripts.ManagerCannotViewActivity"/>
</testsuite> <!-- com.roles.scripts.ManagerCannotViewActivity -->
