<?xml version="1.0" encoding="UTF-8"?>
<!-- Generated by org.testng.reporters.JUnitReportReporter -->
<testsuite skipped="0" hostname="A2ML16108" name="com.sampejavaappscripts.DisplayErrorPage2" tests="1" failures="0" timestamp="22 May 2019 09:56:05 GMT" time="20.542" errors="0">
  <testcase name="testDisplayErrorPage" time="20.542" classname="com.sampejavaappscripts.DisplayErrorPage2"/>
</testsuite> <!-- com.sampejavaappscripts.DisplayErrorPage2 -->
