<?xml version="1.0" encoding="UTF-8"?>
<!-- Generated by org.testng.reporters.JUnitReportReporter -->
<testsuite skipped="0" hostname="A2ML16237" name="com.metrics.scripts.GitHubMetrics" tests="1" failures="0" timestamp="27 Sep 2017 10:01:24 GMT" time="19.041" errors="0">
  <testcase name="testGitHubMetrics" time="19.041" classname="com.metrics.scripts.GitHubMetrics"/>
</testsuite> <!-- com.metrics.scripts.GitHubMetrics -->
