<?xml version="1.0" encoding="UTF-8"?>
<!-- Generated by org.testng.reporters.JUnitReportReporter -->
<testsuite skipped="0" hostname="A2ML16108" name="com.sampejavaappscripts.AddOwner2" tests="1" failures="0" timestamp="22 May 2019 09:56:05 GMT" time="4.960" errors="0">
  <testcase name="testAddOwner" time="4.960" classname="com.sampejavaappscripts.AddOwner2"/>
</testsuite> <!-- com.sampejavaappscripts.AddOwner2 -->
