<?xml version="1.0" encoding="UTF-8"?>
<!-- Generated by org.testng.reporters.JUnitReportReporter -->
<testsuite skipped="0" hostname="A2ML16237" name="com.roles.scripts.ManagerCannotCreateLocalBoilerPlate" tests="1" failures="0" timestamp="20 Nov 2017 13:55:36 GMT" time="53.703" errors="0">
  <testcase name="testManagerCannotCreateLocalBoilerPlate" time="53.703" classname="com.roles.scripts.ManagerCannotCreateLocalBoilerPlate"/>
</testsuite> <!-- com.roles.scripts.ManagerCannotCreateLocalBoilerPlate -->
