<?xml version="1.0" encoding="UTF-8"?>
<!-- Generated by org.testng.reporters.JUnitReportReporter -->
<testsuite skipped="0" hostname="A2ML16237" name="com.metrics.scripts.GitLabMetricsVerifyTime" tests="1" failures="0" timestamp="21 Sep 2017 05:30:19 GMT" time="20.282" errors="0">
  <testcase name="testGitLabMetricsVerifyTime" time="20.282" classname="com.metrics.scripts.GitLabMetricsVerifyTime"/>
</testsuite> <!-- com.metrics.scripts.GitLabMetricsVerifyTime -->
