<?xml version="1.0" encoding="UTF-8"?>
<!-- Generated by org.testng.reporters.JUnitReportReporter -->
<testsuite skipped="0" hostname="A2ML16237" name="com.metrics.scripts.ArtifactoryMetrics" tests="1" failures="0" timestamp="12 Oct 2017 07:22:03 GMT" time="21.466" errors="0">
  <testcase name="testArtifactoryMetrics" time="21.466" classname="com.metrics.scripts.ArtifactoryMetrics"/>
</testsuite> <!-- com.metrics.scripts.ArtifactoryMetrics -->
