<?xml version="1.0" encoding="UTF-8"?>
<!-- Generated by org.testng.reporters.JUnitReportReporter -->
<testsuite skipped="0" hostname="A2ML16237" name="com.tenantadmin.scripts.ChangeProjectStatusToInactive" tests="1" failures="0" timestamp="20 Nov 2017 13:55:36 GMT" time="35.087" errors="0">
  <testcase name="testChangeProjectStatusToInactive" time="35.087" classname="com.tenantadmin.scripts.ChangeProjectStatusToInactive"/>
</testsuite> <!-- com.tenantadmin.scripts.ChangeProjectStatusToInactive -->
