<?xml version="1.0" encoding="UTF-8"?>
<!-- Generated by org.testng.reporters.JUnitReportReporter -->
<testsuite skipped="0" hostname="A2ML16237" name="com.sampejavaappscripts.DisplayHomePage" tests="1" failures="0" timestamp="24 Nov 2017 10:30:47 GMT" time="0.453" errors="0">
  <testcase name="testDisplayHomePage" time="0.453" classname="com.sampejavaappscripts.DisplayHomePage"/>
</testsuite> <!-- com.sampejavaappscripts.DisplayHomePage -->
