<?xml version="1.0" encoding="UTF-8"?>
<!-- Generated by org.testng.reporters.JUnitReportReporter -->
<testsuite skipped="0" hostname="A2ML16237" name="com.compose.scripts.AddCollaboratorToCanvas" tests="2" failures="0" timestamp="04 Oct 2017 10:41:43 GMT" time="53.314" errors="0">
  <testcase name="createCollaborator" time="34.486" classname="com.compose.scripts.AddCollaboratorToCanvas"/>
  <testcase name="testAddCollaboratorToCanvas" time="18.828" classname="com.compose.scripts.AddCollaboratorToCanvas"/>
</testsuite> <!-- com.compose.scripts.AddCollaboratorToCanvas -->
