<?xml version="1.0" encoding="UTF-8"?>
<!-- Generated by org.testng.reporters.JUnitReportReporter -->
<testsuite skipped="0" hostname="A2ML16237" name="com.metrics.scripts.OctopusDeployMetricsVerifyTime" tests="1" failures="0" timestamp="21 Sep 2017 12:02:19 GMT" time="19.829" errors="0">
  <testcase name="testOctopusDeployMetricsVerifyTime" time="19.829" classname="com.metrics.scripts.OctopusDeployMetricsVerifyTime"/>
</testsuite> <!-- com.metrics.scripts.OctopusDeployMetricsVerifyTime -->
