<?xml version="1.0" encoding="UTF-8"?>
<!-- Generated by org.testng.reporters.JUnitReportReporter -->
<testsuite skipped="0" hostname="A2ML16237" name="com.boilerplate.scripts.UseAsCanvasFromGlobalBoilerPlate" tests="1" failures="0" timestamp="20 Nov 2017 13:55:36 GMT" time="25.676" errors="0">
  <testcase name="testUseAsCanvasFromGlobalBoilerPlate" time="25.676" classname="com.boilerplate.scripts.UseAsCanvasFromGlobalBoilerPlate"/>
</testsuite> <!-- com.boilerplate.scripts.UseAsCanvasFromGlobalBoilerPlate -->
