<?xml version="1.0" encoding="UTF-8"?>
<!-- Generated by org.testng.reporters.JUnitReportReporter -->
<testsuite skipped="0" hostname="A2ML16108" name="com.sampejavaappscripts.DisplayVeterenarians" tests="1" failures="0" timestamp="24 Aug 2018 08:44:25 GMT" time="0.263" errors="0">
  <testcase name="testDisplayVeterenarians" time="0.263" classname="com.sampejavaappscripts.DisplayVeterenarians"/>
</testsuite> <!-- com.sampejavaappscripts.DisplayVeterenarians -->
