<?xml version="1.0" encoding="UTF-8"?>
<!-- Generated by org.testng.reporters.JUnitReportReporter -->
<testsuite skipped="0" hostname="A2ML16237" name="com.metrics.scripts.JenkinsMetrics" tests="1" failures="0" timestamp="11 Oct 2017 12:46:06 GMT" time="22.452" errors="0">
  <testcase name="testJenkinsMetrics" time="22.452" classname="com.metrics.scripts.JenkinsMetrics"/>
</testsuite> <!-- com.metrics.scripts.JenkinsMetrics -->
