<?xml version="1.0" encoding="UTF-8"?>
<!-- Generated by org.testng.reporters.JUnitReportReporter -->
<testsuite skipped="0" hostname="A2ML16237" name="com.metrics.scripts.JenkinsMetricsVerifyTime" tests="1" failures="0" timestamp="11 Oct 2017 12:50:27 GMT" time="24.542" errors="0">
  <testcase name="testJenkinsMetricsVerifyTime" time="24.542" classname="com.metrics.scripts.JenkinsMetricsVerifyTime"/>
</testsuite> <!-- com.metrics.scripts.JenkinsMetricsVerifyTime -->
