<?xml version="1.0" encoding="UTF-8"?>
<!-- Generated by org.testng.reporters.JUnitReportReporter -->
<testsuite skipped="0" hostname="A2ML16237" name="com.pipeline.scripts.ExecuteSpringBootPipeline" tests="1" failures="0" timestamp="14 Nov 2017 10:10:23 GMT" time="58.044" errors="0">
  <testcase name="testExecuteSpringBootPipeline" time="58.044" classname="com.pipeline.scripts.ExecuteSpringBootPipeline"/>
</testsuite> <!-- com.pipeline.scripts.ExecuteSpringBootPipeline -->
