<?xml version="1.0" encoding="UTF-8"?>
<!-- Generated by org.testng.reporters.JUnitReportReporter -->
<testsuite skipped="0" hostname="A2ML16237" name="com.acl.scripts.AssignUsertoCanvas" tests="1" failures="0" timestamp="20 Nov 2017 13:55:36 GMT" time="60.551" errors="0">
  <testcase name="testAssignUsertoCanvas" time="60.551" classname="com.acl.scripts.AssignUsertoCanvas"/>
</testsuite> <!-- com.acl.scripts.AssignUsertoCanvas -->
