<?xml version="1.0" encoding="UTF-8"?>
<!-- Generated by org.testng.reporters.JUnitReportReporter -->
<testsuite skipped="0" hostname="A2ML16108" name="com.sampejavaappscripts.DisplayHomePage1" tests="1" failures="0" timestamp="24 Aug 2018 08:44:25 GMT" time="20.227" errors="0">
  <testcase name="testDisplayHomePage" time="20.227" classname="com.sampejavaappscripts.DisplayHomePage1"/>
</testsuite> <!-- com.sampejavaappscripts.DisplayHomePage1 -->
