<?xml version="1.0" encoding="UTF-8"?>
<!-- Generated by org.testng.reporters.JUnitReportReporter -->
<testsuite skipped="0" hostname="A2ML16237" name="com.compose.scripts.DragComponents" tests="1" failures="0" timestamp="20 Nov 2017 13:55:35 GMT" time="72.169" errors="0">
  <testcase name="testDragComponents" time="72.169" classname="com.compose.scripts.DragComponents"/>
</testsuite> <!-- com.compose.scripts.DragComponents -->
