<?xml version="1.0" encoding="UTF-8"?>
<!-- Generated by org.testng.reporters.JUnitReportReporter -->
<testsuite skipped="0" hostname="A2ML16108" name="com.sampejavaappscripts.DisplayHomePage" tests="1" failures="0" timestamp="22 May 2019 09:56:04 GMT" time="0.906" errors="0">
  <testcase name="testDisplayHomePage" time="0.906" classname="com.sampejavaappscripts.DisplayHomePage"/>
</testsuite> <!-- com.sampejavaappscripts.DisplayHomePage -->
