<?xml version="1.0" encoding="UTF-8"?>
<!-- Generated by org.testng.reporters.JUnitReportReporter -->
<testsuite skipped="0" hostname="A2ML16237" name="com.tenantadmin.scripts.AssignUsertoCanvas" tests="1" failures="0" timestamp="30 Oct 2017 12:25:16 GMT" time="57.152" errors="0">
  <testcase name="testAssignUsertoCanvas" time="57.152" classname="com.tenantadmin.scripts.AssignUsertoCanvas"/>
</testsuite> <!-- com.tenantadmin.scripts.AssignUsertoCanvas -->
