<?xml version="1.0" encoding="UTF-8"?>
<!-- Generated by org.testng.reporters.JUnitReportReporter -->
<testsuite skipped="0" hostname="A2ML16108" name="com.sampejavaappscripts.DisplayErrorPage1" tests="1" failures="0" timestamp="24 Aug 2018 08:44:25 GMT" time="20.438" errors="0">
  <testcase name="testDisplayErrorPage" time="20.438" classname="com.sampejavaappscripts.DisplayErrorPage1"/>
</testsuite> <!-- com.sampejavaappscripts.DisplayErrorPage1 -->
