<?xml version="1.0" encoding="UTF-8"?>
<!-- Generated by org.testng.reporters.JUnitReportReporter -->
<testsuite skipped="0" hostname="A2ML16237" name="com.sampejavaappscripts.DisplayErrorPage1" tests="1" failures="0" timestamp="02 Jan 2018 09:22:32 GMT" time="20.298" errors="0">
  <testcase name="testDisplayErrorPage" time="20.298" classname="com.sampejavaappscripts.DisplayErrorPage1"/>
</testsuite> <!-- com.sampejavaappscripts.DisplayErrorPage1 -->
