<?xml version="1.0" encoding="UTF-8"?>
<!-- Generated by org.testng.reporters.JUnitReportReporter -->
<testsuite skipped="0" hostname="A2ML16237" name="com.compose.scripts.IntegrateComponents" tests="1" failures="0" timestamp="20 Nov 2017 13:55:36 GMT" time="42.596" errors="0">
  <testcase name="testIntegrateComponents" time="42.596" classname="com.compose.scripts.IntegrateComponents"/>
</testsuite> <!-- com.compose.scripts.IntegrateComponents -->
