<?xml version="1.0" encoding="UTF-8"?>
<!-- Generated by org.testng.reporters.JUnitReportReporter -->
<testsuite skipped="0" hostname="A2ML16237" name="com.compose.scripts.CreateCanvas" tests="1" failures="0" timestamp="20 Nov 2017 13:55:36 GMT" time="19.816" errors="0">
  <testcase name="testCreateCanvas" time="19.816" classname="com.compose.scripts.CreateCanvas"/>
</testsuite> <!-- com.compose.scripts.CreateCanvas -->
