<?xml version="1.0" encoding="UTF-8"?>
<!-- Generated by org.testng.reporters.JUnitReportReporter -->
<testsuite skipped="0" hostname="A2ML16237" name="com.metrics.scripts.SonarQubeMetrics" tests="1" failures="0" timestamp="25 Sep 2017 12:15:52 GMT" time="20.554" errors="0">
  <testcase name="testSonarQubeMetrics" time="20.554" classname="com.metrics.scripts.SonarQubeMetrics"/>
</testsuite> <!-- com.metrics.scripts.SonarQubeMetrics -->
