<?xml version="1.0" encoding="UTF-8"?>
<!-- Generated by org.testng.reporters.JUnitReportReporter -->
<testsuite skipped="0" hostname="A2ML16237" name="com.acl.scripts.NormalUserCannotManageUsers" tests="1" failures="0" timestamp="20 Nov 2017 13:55:35 GMT" time="21.719" errors="0">
  <testcase name="testUserCannotManageUsers" time="21.719" classname="com.acl.scripts.NormalUserCannotManageUsers"/>
</testsuite> <!-- com.acl.scripts.NormalUserCannotManageUsers -->
