<?xml version="1.0" encoding="UTF-8"?>
<!-- Generated by org.testng.reporters.JUnitReportReporter -->
<testsuite skipped="1" hostname="A2ML16108" name="com.sampejavaappscripts.AddOwner2" tests="1" failures="0" timestamp="21 Aug 2018 05:36:55 GMT" time="0.000" errors="0">
  <testcase name="testAddOwner" time="0.000" classname="com.sampejavaappscripts.AddOwner2">
    <skipped/>
  </testcase> <!-- testAddOwner -->
</testsuite> <!-- com.sampejavaappscripts.AddOwner2 -->
