<?xml version="1.0" encoding="UTF-8"?>
<!-- Generated by org.testng.reporters.JUnitReportReporter -->
<testsuite skipped="0" hostname="A2ML16237" name="com.tenantadmin.scripts.ChangeProjectStatusToActive" tests="1" failures="0" timestamp="20 Nov 2017 13:55:36 GMT" time="14.758" errors="0">
  <testcase name="testChangeProjectStatusToActive" time="14.758" classname="com.tenantadmin.scripts.ChangeProjectStatusToActive"/>
</testsuite> <!-- com.tenantadmin.scripts.ChangeProjectStatusToActive -->
