<?xml version="1.0" encoding="UTF-8"?>
<!-- Generated by org.testng.reporters.JUnitReportReporter -->
<testsuite skipped="0" hostname="A2ML16237" name="com.compose.scripts.UpdateCanvas" tests="1" failures="0" timestamp="20 Nov 2017 13:55:36 GMT" time="24.620" errors="0">
  <testcase name="testUpdateCanvas" time="24.620" classname="com.compose.scripts.UpdateCanvas"/>
</testsuite> <!-- com.compose.scripts.UpdateCanvas -->
