<?xml version="1.0" encoding="UTF-8"?>
<!-- Generated by org.testng.reporters.JUnitReportReporter -->
<testsuite skipped="0" hostname="A2ML16237" name="com.roles.scripts.DesignerCanViewActivity" tests="1" failures="0" timestamp="20 Nov 2017 13:55:36 GMT" time="58.578" errors="0">
  <testcase name="testDesignerCanViewActivity" time="58.578" classname="com.roles.scripts.DesignerCanViewActivity"/>
</testsuite> <!-- com.roles.scripts.DesignerCanViewActivity -->
