<?xml version="1.0" encoding="UTF-8"?>
<!-- Generated by org.testng.reporters.JUnitReportReporter -->
<testsuite skipped="0" hostname="A2ML16237" name="com.metrics.scripts.SonarQubeMetricsVerifyTime" tests="1" failures="0" timestamp="25 Sep 2017 12:17:02 GMT" time="19.553" errors="0">
  <testcase name="testSonarQubeMetricsVerifyTime" time="19.553" classname="com.metrics.scripts.SonarQubeMetricsVerifyTime"/>
</testsuite> <!-- com.metrics.scripts.SonarQubeMetricsVerifyTime -->
