<?xml version="1.0" encoding="UTF-8"?>
<!-- Generated by org.testng.reporters.JUnitReportReporter -->
<testsuite skipped="0" hostname="A2ML16237" name="com.metrics.scripts.ServiceNowMetrics" tests="1" failures="0" timestamp="21 Sep 2017 11:52:20 GMT" time="19.906" errors="0">
  <testcase name="testServiceNowMetrics" time="19.906" classname="com.metrics.scripts.ServiceNowMetrics"/>
</testsuite> <!-- com.metrics.scripts.ServiceNowMetrics -->
