<?xml version="1.0" encoding="UTF-8"?>
<!-- Generated by org.testng.reporters.JUnitReportReporter -->
<testsuite skipped="0" hostname="A2ML16108" name="com.sampejavaappscripts.DisplayVeterenarians1" tests="1" failures="0" timestamp="22 May 2019 09:56:05 GMT" time="20.469" errors="0">
  <testcase name="testDisplayVeterenarians" time="20.469" classname="com.sampejavaappscripts.DisplayVeterenarians1"/>
</testsuite> <!-- com.sampejavaappscripts.DisplayVeterenarians1 -->
