<?xml version="1.0" encoding="UTF-8"?>
<!-- Generated by org.testng.reporters.JUnitReportReporter -->
<testsuite skipped="0" hostname="A2ML16237" name="com.boilerplate.scripts.SaveasLocalBoilerPlate" tests="1" failures="0" timestamp="20 Nov 2017 13:55:36 GMT" time="33.225" errors="0">
  <testcase name="testSaveasLocalBoilerPlate" time="33.225" classname="com.boilerplate.scripts.SaveasLocalBoilerPlate"/>
</testsuite> <!-- com.boilerplate.scripts.SaveasLocalBoilerPlate -->
