<?xml version="1.0" encoding="UTF-8"?>
<!-- Generated by org.testng.reporters.JUnitReportReporter -->
<testsuite skipped="0" hostname="A2ML16108" name="com.sampejavaappscripts.AddOwner" tests="1" failures="0" timestamp="22 May 2019 09:56:04 GMT" time="5.938" errors="0">
  <testcase name="testAddOwner" time="5.938" classname="com.sampejavaappscripts.AddOwner"/>
</testsuite> <!-- com.sampejavaappscripts.AddOwner -->
