<?xml version="1.0" encoding="UTF-8"?>
<!-- Generated by org.testng.reporters.JUnitReportReporter -->
<testsuite skipped="0" hostname="A2ML16237" name="com.tenantadmin.scripts.TagUsertoProject" tests="1" failures="0" timestamp="20 Nov 2017 13:55:35 GMT" time="21.271" errors="0">
  <testcase name="testTagUsertoProject" time="21.271" classname="com.tenantadmin.scripts.TagUsertoProject"/>
</testsuite> <!-- com.tenantadmin.scripts.TagUsertoProject -->
