<?xml version="1.0" encoding="UTF-8"?>
<!-- Generated by org.testng.reporters.JUnitReportReporter -->
<testsuite hostname="A2ML16237" name="com.sampejavaappscripts.EditOwner" tests="1" failures="0" timestamp="29 Aug 2017 09:12:03 GMT" time="2.336" errors="0">
  <testcase name="testEditOwner" time="2.336" classname="com.sampejavaappscripts.EditOwner"/>
</testsuite> <!-- com.sampejavaappscripts.EditOwner -->
