<?xml version="1.0" encoding="UTF-8"?>
<!-- Generated by org.testng.reporters.JUnitReportReporter -->
<testsuite skipped="0" hostname="A2ML16237" name="com.metrics.scripts.OctopusDeployMetrics" tests="1" failures="0" timestamp="21 Sep 2017 06:10:21 GMT" time="22.647" errors="0">
  <testcase name="testOctopusDeployMetrics" time="22.647" classname="com.metrics.scripts.OctopusDeployMetrics"/>
</testsuite> <!-- com.metrics.scripts.OctopusDeployMetrics -->
