<?xml version="1.0" encoding="UTF-8"?>
<!-- Generated by org.testng.reporters.JUnitReportReporter -->
<testsuite skipped="0" hostname="A2ML16108" name="com.sampejavaappscripts.VerifyNameInVeterenarians" tests="1" failures="0" timestamp="24 Aug 2018 09:31:24 GMT" time="20.324" errors="0">
  <testcase name="testDisplayErrorPage" time="20.324" classname="com.sampejavaappscripts.VerifyNameInVeterenarians"/>
</testsuite> <!-- com.sampejavaappscripts.VerifyNameInVeterenarians -->
