<?xml version="1.0" encoding="UTF-8"?>
<!-- Generated by org.testng.reporters.JUnitReportReporter -->
<testsuite skipped="0" hostname="A2ML16237" name="com.roles.scripts.DesignerCannotViewLogs" tests="1" failures="0" timestamp="20 Nov 2017 13:55:35 GMT" time="54.723" errors="0">
  <testcase name="testDesignerCannotViewLogs" time="54.723" classname="com.roles.scripts.DesignerCannotViewLogs"/>
</testsuite> <!-- com.roles.scripts.DesignerCannotViewLogs -->
