<?xml version="1.0" encoding="UTF-8"?>
<!-- Generated by org.testng.reporters.JUnitReportReporter -->
<testsuite skipped="0" hostname="A2ML16108" name="com.sampejavaappscripts.DisplayHomePage2" tests="1" failures="0" timestamp="24 Aug 2018 08:44:26 GMT" time="20.238" errors="0">
  <testcase name="testDisplayHomePage" time="20.238" classname="com.sampejavaappscripts.DisplayHomePage2"/>
</testsuite> <!-- com.sampejavaappscripts.DisplayHomePage2 -->
