<?xml version="1.0" encoding="UTF-8"?>
<!-- Generated by org.testng.reporters.JUnitReportReporter -->
<testsuite skipped="0" hostname="A2ML16237" name="com.acl.scripts.VerifyAclwithoutExecuteAccess" tests="1" failures="0" timestamp="20 Nov 2017 13:55:36 GMT" time="65.257" errors="0">
  <testcase name="testVerifyAclwithoutExecuteAccess" time="65.257" classname="com.acl.scripts.VerifyAclwithoutExecuteAccess"/>
</testsuite> <!-- com.acl.scripts.VerifyAclwithoutExecuteAccess -->
