<?xml version="1.0" encoding="UTF-8"?>
<!-- Generated by org.testng.reporters.JUnitReportReporter -->
<testsuite skipped="0" hostname="A2ML16237" name="com.metrics.scripts.ArtifactoryMetricsVerifyTime" tests="1" failures="0" timestamp="12 Oct 2017 07:22:49 GMT" time="20.733" errors="0">
  <testcase name="testArtifactoryMetricsVerifyTime" time="20.733" classname="com.metrics.scripts.ArtifactoryMetricsVerifyTime"/>
</testsuite> <!-- com.metrics.scripts.ArtifactoryMetricsVerifyTime -->
