<?xml version="1.0" encoding="UTF-8"?>
<!-- Generated by org.testng.reporters.JUnitReportReporter -->
<testsuite skipped="0" hostname="A2ML16237" name="com.sampejavaappscripts.DisplayVeterenarians" tests="1" failures="0" timestamp="02 Jan 2018 09:22:32 GMT" time="0.296" errors="0">
  <testcase name="testDisplayVeterenarians" time="0.296" classname="com.sampejavaappscripts.DisplayVeterenarians"/>
</testsuite> <!-- com.sampejavaappscripts.DisplayVeterenarians -->
