<?xml version="1.0" encoding="UTF-8"?>
<!-- Generated by org.testng.reporters.JUnitReportReporter -->
<testsuite skipped="0" hostname="A2ML16237" name="com.metrics.scripts.GitHubMetricsVerifyTime" tests="1" failures="0" timestamp="27 Sep 2017 10:05:56 GMT" time="19.205" errors="0">
  <testcase name="testGitHubMetricsVerifyTime" time="19.205" classname="com.metrics.scripts.GitHubMetricsVerifyTime"/>
</testsuite> <!-- com.metrics.scripts.GitHubMetricsVerifyTime -->
