<?xml version="1.0" encoding="UTF-8"?>
<!-- Generated by org.testng.reporters.JUnitReportReporter -->
<testsuite skipped="0" hostname="A2ML16237" name="com.tenantadmin.scripts.TenantAdminLogin" tests="1" failures="0" timestamp="20 Nov 2017 13:55:36 GMT" time="9.122" errors="0">
  <testcase name="testTenantAdminLogin" time="9.122" classname="com.tenantadmin.scripts.TenantAdminLogin"/>
</testsuite> <!-- com.tenantadmin.scripts.TenantAdminLogin -->
