<?xml version="1.0" encoding="UTF-8"?>
<!-- Generated by org.testng.reporters.JUnitReportReporter -->
<testsuite hostname="A2ML16237" name="com.dotnetscripts.DisplayRegisterPage" tests="1" failures="0" timestamp="16 Aug 2017 12:45:27 GMT" time="0.667" errors="0">
  <testcase name="testDisplayRegisterPage" time="0.667" classname="com.dotnetscripts.DisplayRegisterPage"/>
</testsuite> <!-- com.dotnetscripts.DisplayRegisterPage -->
