<?xml version="1.0" encoding="UTF-8"?>
<!-- Generated by org.testng.reporters.JUnitReportReporter -->
<testsuite skipped="0" hostname="A2ML16237" name="com.acl.scripts.UserWithExecuteAccess" tests="1" failures="0" timestamp="08 Nov 2017 09:56:48 GMT" time="72.454" errors="0">
  <testcase name="testUserWithExecuteAccess" time="72.454" classname="com.acl.scripts.UserWithExecuteAccess"/>
</testsuite> <!-- com.acl.scripts.UserWithExecuteAccess -->
