<?xml version="1.0" encoding="UTF-8"?>
<!-- Generated by org.testng.reporters.JUnitReportReporter -->
<testsuite skipped="0" hostname="A2ML16237" name="com.metrics.scripts.ProGetMetrics" tests="1" failures="0" timestamp="27 Sep 2017 10:07:19 GMT" time="21.618" errors="0">
  <testcase name="testProGetMetrics" time="21.618" classname="com.metrics.scripts.ProGetMetrics"/>
</testsuite> <!-- com.metrics.scripts.ProGetMetrics -->
