<?xml version="1.0" encoding="UTF-8"?>
<!-- Generated by org.testng.reporters.JUnitReportReporter -->
<testsuite skipped="0" hostname="A2ML16237" name="com.rootadmin.scripts.RootAdminLogin" tests="1" failures="0" timestamp="20 Nov 2017 13:55:36 GMT" time="12.220" errors="0">
  <testcase name="testRootAdminLogin" time="12.220" classname="com.rootadmin.scripts.RootAdminLogin"/>
</testsuite> <!-- com.rootadmin.scripts.RootAdminLogin -->
