<?xml version="1.0" encoding="UTF-8"?>
<!-- Generated by org.testng.reporters.JUnitReportReporter -->
<testsuite skipped="0" hostname="A2ML16237" name="com.sampejavaappscripts.AddOwner" tests="1" failures="0" timestamp="24 Nov 2017 10:30:47 GMT" time="2.022" errors="0">
  <testcase name="testAddOwner" time="2.022" classname="com.sampejavaappscripts.AddOwner"/>
</testsuite> <!-- com.sampejavaappscripts.AddOwner -->
