<?xml version="1.0" encoding="UTF-8"?>
<!-- Generated by org.testng.reporters.JUnitReportReporter -->
<testsuite skipped="0" hostname="A2ML16108" name="com.sampejavaappscripts.DisplayVeterenarians2" tests="1" failures="0" timestamp="27 Aug 2018 06:21:24 GMT" time="0.343" errors="0">
  <testcase name="testDisplayVeterenarians" time="0.343" classname="com.sampejavaappscripts.DisplayVeterenarians2"/>
</testsuite> <!-- com.sampejavaappscripts.DisplayVeterenarians2 -->
