<?xml version="1.0" encoding="UTF-8"?>
<!-- Generated by org.testng.reporters.JUnitReportReporter -->
<testsuite skipped="0" hostname="A2ML16237" name="com.sampejavaappscripts.AddOwner1" tests="1" failures="0" timestamp="02 Jan 2018 09:22:32 GMT" time="1.219" errors="0">
  <testcase name="testAddOwner" time="1.219" classname="com.sampejavaappscripts.AddOwner1"/>
</testsuite> <!-- com.sampejavaappscripts.AddOwner1 -->
