<?xml version="1.0" encoding="UTF-8"?>
<!-- Generated by org.testng.reporters.JUnitReportReporter -->
<testsuite skipped="0" hostname="A2ML16237" name="com.provision.scripts.DragVMConnectwithUbuntu" tests="1" failures="0" timestamp="20 Nov 2017 13:55:35 GMT" time="38.628" errors="0">
  <testcase name="testDragVMConnectUbuntuServer" time="38.628" classname="com.provision.scripts.DragVMConnectwithUbuntu"/>
</testsuite> <!-- com.provision.scripts.DragVMConnectwithUbuntu -->
