<?xml version="1.0" encoding="UTF-8"?>
<!-- Generated by org.testng.reporters.JUnitReportReporter -->
<testsuite skipped="0" hostname="A2ML16237" name="com.metrics.scripts.ProGetMetricsVerifyTime" tests="1" failures="0" timestamp="27 Sep 2017 10:08:19 GMT" time="21.383" errors="0">
  <testcase name="testProGetMetricsVerifyTime" time="21.383" classname="com.metrics.scripts.ProGetMetricsVerifyTime"/>
</testsuite> <!-- com.metrics.scripts.ProGetMetricsVerifyTime -->
