<?xml version="1.0" encoding="UTF-8"?>
<!-- Generated by org.testng.reporters.JUnitReportReporter -->
<testsuite skipped="0" hostname="A2ML16237" name="com.acl.scripts.UnassignUserFromCanvas" tests="1" failures="0" timestamp="20 Nov 2017 13:55:36 GMT" time="31.721" errors="0">
  <testcase name="testUnassignUserFromCanvas" time="31.721" classname="com.acl.scripts.UnassignUserFromCanvas"/>
</testsuite> <!-- com.acl.scripts.UnassignUserFromCanvas -->
