<?xml version="1.0" encoding="UTF-8"?>
<!-- Generated by org.testng.reporters.JUnitReportReporter -->
<testsuite skipped="0" hostname="A2ML16237" name="com.roles.scripts.EngineerCannotCreateLocalBoilerPlate" tests="1" failures="0" timestamp="20 Nov 2017 13:55:35 GMT" time="54.949" errors="0">
  <testcase name="testEngineerCannotCreateLocalBoilerPlate" time="54.949" classname="com.roles.scripts.EngineerCannotCreateLocalBoilerPlate"/>
</testsuite> <!-- com.roles.scripts.EngineerCannotCreateLocalBoilerPlate -->
