<?xml version="1.0" encoding="UTF-8"?>
<!-- Generated by org.testng.reporters.JUnitReportReporter -->
<testsuite skipped="0" hostname="A2ML16237" name="com.boilerplate.scripts.DeleteCanvasFromGlobalBoilerPlate" tests="1" failures="0" timestamp="20 Nov 2017 13:55:35 GMT" time="27.497" errors="0">
  <testcase name="testDeleteCanvasFromGlobalBoilerPlate" time="27.497" classname="com.boilerplate.scripts.DeleteCanvasFromGlobalBoilerPlate"/>
</testsuite> <!-- com.boilerplate.scripts.DeleteCanvasFromGlobalBoilerPlate -->
