<?xml version="1.0" encoding="UTF-8"?>
<!-- Generated by org.testng.reporters.JUnitReportReporter -->
<testsuite skipped="0" hostname="A2ML16237" name="com.rootadmin.scripts.ChangeTenantStatusToActive" tests="1" failures="0" timestamp="20 Nov 2017 13:55:36 GMT" time="21.494" errors="0">
  <testcase name="testChangeTenantStatusToActive" time="21.494" classname="com.rootadmin.scripts.ChangeTenantStatusToActive"/>
</testsuite> <!-- com.rootadmin.scripts.ChangeTenantStatusToActive -->
