<?xml version="1.0" encoding="UTF-8"?>
<!-- Generated by org.testng.reporters.JUnitReportReporter -->
<testsuite skipped="0" hostname="A2ML16237" name="com.roles.scripts.DesignerCannotAnalyze" tests="1" failures="0" timestamp="20 Nov 2017 13:55:36 GMT" time="69.931" errors="0">
  <testcase name="testDesignerCannotAnalyze" time="69.931" classname="com.roles.scripts.DesignerCannotAnalyze"/>
</testsuite> <!-- com.roles.scripts.DesignerCannotAnalyze -->
