<?xml version="1.0" encoding="UTF-8"?>
<!-- Generated by org.testng.reporters.JUnitReportReporter -->
<testsuite skipped="0" hostname="A2ML16237" name="com.boilerplate.scripts.UseAsCanvasFromLocalBoilerPlate" tests="1" failures="0" timestamp="20 Nov 2017 13:55:36 GMT" time="25.572" errors="0">
  <testcase name="testUseAsCanvasFromLocalBoilerPlate" time="25.572" classname="com.boilerplate.scripts.UseAsCanvasFromLocalBoilerPlate"/>
</testsuite> <!-- com.boilerplate.scripts.UseAsCanvasFromLocalBoilerPlate -->
