<?xml version="1.0" encoding="UTF-8"?>
<!-- Generated by org.testng.reporters.JUnitReportReporter -->
<testsuite skipped="1" hostname="A2ML16237" name="com.compose.scripts.NoncollaboratorCannotAccessCanvas" tests="1" failures="0" timestamp="04 Oct 2017 10:30:51 GMT" time="0.000" errors="0">
  <testcase name="testNoncollaboratorCannotAccessCanvas" time="0.000" classname="com.compose.scripts.NoncollaboratorCannotAccessCanvas">
    <skipped/>
  </testcase> <!-- testNoncollaboratorCannotAccessCanvas -->
</testsuite> <!-- com.compose.scripts.NoncollaboratorCannotAccessCanvas -->
