<?xml version="1.0" encoding="UTF-8"?>
<!-- Generated by org.testng.reporters.JUnitReportReporter -->
<testsuite skipped="0" hostname="A2ML16237" name="com.acl.scripts.UserCannotManageUsers" tests="1" failures="0" timestamp="31 Oct 2017 09:36:51 GMT" time="23.091" errors="0">
  <testcase name="testUserCannotManageUsers" time="23.091" classname="com.acl.scripts.UserCannotManageUsers"/>
</testsuite> <!-- com.acl.scripts.UserCannotManageUsers -->
