<?xml version="1.0" encoding="UTF-8"?>
<!-- Generated by org.testng.reporters.JUnitReportReporter -->
<testsuite skipped="0" hostname="A2ML16108" name="com.sampejavaappscripts.AddOwner1" tests="1" failures="0" timestamp="27 Aug 2018 06:21:24 GMT" time="1.780" errors="0">
  <testcase name="testAddOwner" time="1.780" classname="com.sampejavaappscripts.AddOwner1"/>
</testsuite> <!-- com.sampejavaappscripts.AddOwner1 -->
