<?xml version="1.0" encoding="UTF-8"?>
<!-- Generated by org.testng.reporters.JUnitReportReporter -->
<testsuite hostname="A2ML16108" name="com.sampejavaappscripts.AddOwner" tests="1" failures="0" timestamp="27 Aug 2018 11:01:47 GMT" time="0.152" errors="0">
  <testcase name="testAddOwner" time="0.152" classname="com.sampejavaappscripts.AddOwner"/>
</testsuite> <!-- com.sampejavaappscripts.AddOwner -->
