<?xml version="1.0" encoding="UTF-8"?>
<!-- Generated by org.testng.reporters.JUnitReportReporter -->
<testsuite skipped="0" hostname="A2ML16237" name="com.roles.scripts.EngineerCanViewLogs" tests="1" failures="0" timestamp="20 Nov 2017 13:55:36 GMT" time="56.984" errors="0">
  <testcase name="testEngineerCanViewLogs" time="56.984" classname="com.roles.scripts.EngineerCanViewLogs"/>
</testsuite> <!-- com.roles.scripts.EngineerCanViewLogs -->
