<?xml version="1.0" encoding="UTF-8"?>
<!-- Generated by org.testng.reporters.JUnitReportReporter -->
<testsuite skipped="0" hostname="A2ML16237" name="com.acl.scripts.AssignedUserCanAccessCanvas" tests="1" failures="0" timestamp="20 Nov 2017 13:55:35 GMT" time="17.139" errors="0">
  <testcase name="testAssignedUserCanAccessCanvas" time="17.139" classname="com.acl.scripts.AssignedUserCanAccessCanvas"/>
</testsuite> <!-- com.acl.scripts.AssignedUserCanAccessCanvas -->
