<?xml version="1.0" encoding="UTF-8"?>
<!-- Generated by org.testng.reporters.JUnitReportReporter -->
<testsuite skipped="0" hostname="A2ML16237" name="com.metrics.scripts.ServiceNowMetricsVerifyTime" tests="1" failures="0" timestamp="21 Sep 2017 12:03:42 GMT" time="19.510" errors="0">
  <testcase name="testServiceNowMetricsVerifyTime" time="19.510" classname="com.metrics.scripts.ServiceNowMetricsVerifyTime"/>
</testsuite> <!-- com.metrics.scripts.ServiceNowMetricsVerifyTime -->
