<?xml version="1.0" encoding="UTF-8"?>
<!-- Generated by org.testng.reporters.JUnitReportReporter -->
<testsuite skipped="0" hostname="A2ML16108" name="com.sampejavaappscripts.DisplayErrorPage2" tests="1" failures="0" timestamp="24 Aug 2018 08:44:25 GMT" time="20.308" errors="0">
  <testcase name="testDisplayErrorPage" time="20.308" classname="com.sampejavaappscripts.DisplayErrorPage2"/>
</testsuite> <!-- com.sampejavaappscripts.DisplayErrorPage2 -->
