<?xml version="1.0" encoding="UTF-8"?>
<!-- Generated by org.testng.reporters.JUnitReportReporter -->
<testsuite skipped="0" hostname="A2ML16237" name="com.roles.scripts.EngineerCannotDeleteCanvas" tests="1" failures="0" timestamp="20 Nov 2017 13:55:36 GMT" time="55.429" errors="0">
  <testcase name="testEngineerCannotDeleteCanvas" time="55.429" classname="com.roles.scripts.EngineerCannotDeleteCanvas"/>
</testsuite> <!-- com.roles.scripts.EngineerCannotDeleteCanvas -->
